Determining if the pthread_create exist failed with the following output:
Change Dir: /home/yisha/FYP/ROS/indigo/catkin_ws/src/state_est_control/CMakeFiles/CMakeTmp

Run Build Command:/usr/bin/make "cmTryCompileExec4038808792/fast"
/usr/bin/make -f CMakeFiles/cmTryCompileExec4038808792.dir/build.make CMakeFiles/cmTryCompileExec4038808792.dir/build
make[1]: Entering directory `/home/yisha/FYP/ROS/indigo/catkin_ws/src/state_est_control/CMakeFiles/CMakeTmp'
/usr/bin/cmake -E cmake_progress_report /home/yisha/FYP/ROS/indigo/catkin_ws/src/state_est_control/CMakeFiles/CMakeTmp/CMakeFiles 1
Building C object CMakeFiles/cmTryCompileExec4038808792.dir/CheckSymbolExists.c.o
/usr/bin/cc    -o CMakeFiles/cmTryCompileExec4038808792.dir/CheckSymbolExists.c.o   -c /home/yisha/FYP/ROS/indigo/catkin_ws/src/state_est_control/CMakeFiles/CMakeTmp/CheckSymbolExists.c
Linking C executable cmTryCompileExec4038808792
/usr/bin/cmake -E cmake_link_script CMakeFiles/cmTryCompileExec4038808792.dir/link.txt --verbose=1
/usr/bin/cc       CMakeFiles/cmTryCompileExec4038808792.dir/CheckSymbolExists.c.o  -o cmTryCompileExec4038808792 -rdynamic 
CMakeFiles/cmTryCompileExec4038808792.dir/CheckSymbolExists.c.o: In function `main':
CheckSymbolExists.c:(.text+0x16): undefined reference to `pthread_create'
collect2: ld returned 1 exit status
make[1]: *** [cmTryCompileExec4038808792] Error 1
make[1]: Leaving directory `/home/yisha/FYP/ROS/indigo/catkin_ws/src/state_est_control/CMakeFiles/CMakeTmp'
make: *** [cmTryCompileExec4038808792/fast] Error 2

File /home/yisha/FYP/ROS/indigo/catkin_ws/src/state_est_control/CMakeFiles/CMakeTmp/CheckSymbolExists.c:
/* */
#include <pthread.h>

int main(int argc, char** argv)
{
  (void)argv;
#ifndef pthread_create
  return ((int*)(&pthread_create))[argc];
#else
  (void)argc;
  return 0;
#endif
}

Determining if the function pthread_create exists in the pthreads failed with the following output:
Change Dir: /home/yisha/FYP/ROS/indigo/catkin_ws/src/state_est_control/CMakeFiles/CMakeTmp

Run Build Command:/usr/bin/make "cmTryCompileExec151074609/fast"
/usr/bin/make -f CMakeFiles/cmTryCompileExec151074609.dir/build.make CMakeFiles/cmTryCompileExec151074609.dir/build
make[1]: Entering directory `/home/yisha/FYP/ROS/indigo/catkin_ws/src/state_est_control/CMakeFiles/CMakeTmp'
/usr/bin/cmake -E cmake_progress_report /home/yisha/FYP/ROS/indigo/catkin_ws/src/state_est_control/CMakeFiles/CMakeTmp/CMakeFiles 1
Building C object CMakeFiles/cmTryCompileExec151074609.dir/CheckFunctionExists.c.o
/usr/bin/cc   -DCHECK_FUNCTION_EXISTS=pthread_create   -o CMakeFiles/cmTryCompileExec151074609.dir/CheckFunctionExists.c.o   -c /usr/share/cmake-2.8/Modules/CheckFunctionExists.c
Linking C executable cmTryCompileExec151074609
/usr/bin/cmake -E cmake_link_script CMakeFiles/cmTryCompileExec151074609.dir/link.txt --verbose=1
/usr/bin/cc   -DCHECK_FUNCTION_EXISTS=pthread_create    CMakeFiles/cmTryCompileExec151074609.dir/CheckFunctionExists.c.o  -o cmTryCompileExec151074609 -rdynamic -lpthreads 
/usr/bin/ld: cannot find -lpthreads
collect2: ld returned 1 exit status
make[1]: *** [cmTryCompileExec151074609] Error 1
make[1]: Leaving directory `/home/yisha/FYP/ROS/indigo/catkin_ws/src/state_est_control/CMakeFiles/CMakeTmp'
make: *** [cmTryCompileExec151074609/fast] Error 2


